[05/25/2022 02:20:40] Debug: Session id: e7d4d7f7-2394-450c-8e3b-b8d1cbd3e9b9
[05/25/2022 02:20:40] Debug: Code Processor information: Name :SnowConvert, Version: 3.2.27.0
[05/25/2022 02:20:41] Debug: Getting license
[05/25/2022 02:20:41] Debug: License information
	Status: Failed
	Message: No active license available.
[05/25/2022 02:20:41] Info: Starting to validate parameters
[05/25/2022 02:20:41] Info: Parameters to validate: 
	Execution mode: Conversion
[05/25/2022 02:20:41] Info: Validation of parameters: Success
[05/25/2022 02:20:41] Debug: Getting code descriptor
[05/25/2022 02:20:41] Debug: Code descriptor information
	Units: 70420
	Units type: LOC
	All file bytes: 3491661
	All found extensions: .sql,.dml,.ddl,.bteq,.btq,.fl,.fload,.ml,.mload,.mld,.tp,.tpump,.tpt
[05/25/2022 02:20:41] Debug: Calculating fingerprint
[05/25/2022 02:20:41] Debug: Fingerprint information Fingerprint(size=3491661,projects=1)
[05/25/2022 02:20:41] Info: Starting to try to validate online license for execution
[05/25/2022 02:20:43] Debug: Getting license
[05/25/2022 02:20:43] Debug: License information
	Status: Failed
	Message: No active license available.
[05/25/2022 02:20:43] Debug: Starting the execution of the controller
[05/25/2022 02:20:43] Debug: Executing the worker: SnowConvert
[05/25/2022 02:21:20] Debug: Finished executing the worker: SnowConvert
[05/25/2022 02:21:22] Info: Controller execution ended
